<?xml version="1.0" encoding="UTF-8"?>
<!-- Generated by org.testng.reporters.JUnitReportReporter -->
<testsuite hostname="XD-KUMARAR-CNT" failures="0" tests="4" name="Runner_Sprint_38.Runner" time="883.158" errors="0" timestamp="2024-06-14T19:57:06 IST" skipped="0">
  <testcase classname="Runner_Sprint_38.Runner" name="EPICPLTFRM_1889" time="237.270"/>
  <system-out/>
  <testcase classname="Runner_Sprint_38.Runner" name="EPICPLTFRM_1735" time="286.234"/>
  <system-out/>
  <testcase classname="Runner_Sprint_38.Runner" name="EPICPLTFRM_1741" time="161.676"/>
  <system-out/>
  <testcase classname="Runner_Sprint_38.Runner" name="EPICPLTFRM_1896" time="197.978"/>
  <system-out/>
</testsuite> <!-- Runner_Sprint_38.Runner -->
