<?xml version="1.0" encoding="UTF-8"?>
<!-- Generated by org.testng.reporters.JUnitReportReporter -->
<testsuite hostname="XD-KUMARAR-CNT" failures="0" tests="1" name="Runner_Sprint_38.Runner" time="144.235" errors="0" timestamp="2024-08-23T18:15:34 IST" skipped="0">
  <testcase classname="Runner_Sprint_38.Runner" name="EPICPLTFRM_1896" time="144.235"/>
  <system-out/>
</testsuite> <!-- Runner_Sprint_38.Runner -->
